<?xml version="1.0" encoding="UTF-8"?>
<testsuite xmlns:xsi="http://www.w3.org/2001/XMLSchema-instance" xsi:noNamespaceSchemaLocation="https://maven.apache.org/surefire/maven-surefire-plugin/xsd/surefire-test-report.xsd" name="MyTest" time="0.152" tests="26" errors="0" skipped="0" failures="0">
  <properties>
[...]
</properties>
  <testcase name="test10" classname="MyTest" time="0.119"/>
  <testcase name="test11" classname="MyTest" time="0"/>
  <testcase name="test12" classname="MyTest" time="0"/>
  <testcase name="test13" classname="MyTest" time="0.003"/>
  <testcase name="test14" classname="MyTest" time="0.002"/>
  <testcase name="test15" classname="MyTest" time="0.001"/>
  <testcase name="test16" classname="MyTest" time="0"/>
  <testcase name="test17" classname="MyTest" time="0"/>
  <testcase name="test18" classname="MyTest" time="0"/>
  <testcase name="test19" classname="MyTest" time="0.001"/>
  <testcase name="test20" classname="MyTest" time="0"/>
  <testcase name="test21" classname="MyTest" time="0"/>
  <testcase name="test22" classname="MyTest" time="0.001"/>
  <testcase name="test23" classname="MyTest" time="0.001"/>
  <testcase name="test24" classname="MyTest" time="0.005"/>
  <testcase name="test25" classname="MyTest" time="0.002"/>
  <testcase name="test" classname="MyTest" time="0"/>
  <testcase name="test1" classname="MyTest" time="0"/>
  <testcase name="test2" classname="MyTest" time="0"/>
  <testcase name="test3" classname="MyTest" time="0"/>
  <testcase name="test4" classname="MyTest" time="0"/>
  <testcase name="test5" classname="MyTest" time="0.002"/>
  <testcase name="test6" classname="MyTest" time="0.002"/>
  <testcase name="test7" classname="MyTest" time="0.001"/>
  <testcase name="test8" classname="MyTest" time="0"/>
  <testcase name="test9" classname="MyTest" time="0"/>
</testsuite>